<?xml version="1.0" encoding="UTF-8"?>
<beans xmlns="http://www.springframework.org/schema/beans"
       xmlns:xsi="http://www.w3.org/2001/XMLSchema-instance"
       xmlns:tx="http://www.springframework.org/schema/tx"
       xsi:schemaLocation="http://www.springframework.org/schema/beans 
          http://www.springframework.org/schema/beans/spring-beans.xsd
          http://www.springframework.org/schema/tx
          http://www.springframework.org/schema/tx/spring-tx.xsd">

  <bean id="dataSource" class="org.springframework.jdbc.datasource.LazyConnectionDataSourceProxy">
    <constructor-arg>
      <bean class="org.springframework.jdbc.datasource.SimpleDriverDataSource">
        <property name="driverClass" value="org.h2.Driver" />
        <property name="url" value="jdbc:h2:mem:testmockdb;DB_CLOSE_DELAY=-1" />
        <property name="username" value="sa" />
        <property name="password" value="" />
      </bean>
    </constructor-arg>
  </bean>
  
  <bean id="entityManagerFactory" class="org.springframework.orm.jpa.LocalContainerEntityManagerFactoryBean">
    <property name="dataSource" ref="dataSource" />
    <property name="jpaVendorAdapter">
      <bean id="jpaAdaptor" class="org.springframework.orm.jpa.vendor.HibernateJpaVendorAdapter"></bean>
    </property>
    <property name="persistenceUnitName" value="cycleTestPU" />
    <property name="persistenceXmlLocation" value="classpath:/META-INF/test-persistence.xml" />
  </bean>
  
  <bean id="transactionManager" class="org.springframework.orm.jpa.JpaTransactionManager">
    <property name="entityManagerFactory" ref="entityManagerFactory" />
  </bean>
  
  <tx:annotation-driven transaction-manager="transactionManager" proxy-target-class="true" />
</beans>
